<?xml version="1.0" encoding="UTF-8"?>
<!-- Generated by org.testng.reporters.JUnitXMLReporter -->
<testsuite ignored="0" hostname="QT-INBG-LT0306" failures="0" tests="4" name="Default test" time="22.79" errors="0" timestamp="2022-09-20T12:42:08 IST">
  <testcase classname="SI" name="signIn" time="6.315"/>
  <testcase classname="SI" name="signIn2" time="5.455"/>
  <testcase classname="SI" name="signIn3" time="5.318"/>
  <testcase classname="SI" name="signIn4" time="5.644"/>
</testsuite> <!-- Default test -->
